<?xml version="1.0" encoding="UTF-8"?>
<!-- Generated by org.testng.reporters.JUnitReportReporter -->
<testsuite hostname="DESKTOP-D1VNF0K" failures="0" tests="2" name="com.test.Multitest" time="3.597" errors="0" timestamp="2024-12-06T19:36:48 GMT" skipped="0">
  <testcase classname="com.test.Multitest" name="SelectDropDown" time="0.597"/>
  <testcase classname="com.test.Multitest" name="AdvanceDropDown" time="3.000"/>
</testsuite> <!-- com.test.Multitest -->
