<?xml version="1.0" encoding="UTF-8"?>
<!-- Generated by org.testng.reporters.JUnitReportReporter -->
<testsuite hostname="DESKTOP-D1VNF0K" failures="0" tests="2" name="com.test.multipletests2" time="18.986" errors="0" timestamp="2024-12-06T19:36:48 GMT" skipped="0">
  <testcase classname="com.test.multipletests2" name="Test2" time="5.339"/>
  <testcase classname="com.test.multipletests2" name="Test1" time="13.647"/>
</testsuite> <!-- com.test.multipletests2 -->
