<?xml version="1.0" encoding="UTF-8"?>
<!-- Generated by org.testng.reporters.JUnitReportReporter -->
<testsuite hostname="DESKTOP-D1VNF0K" failures="0" tests="2" name="com.test.multipletests2" time="20.244" errors="0" timestamp="2024-12-06T19:24:33 GMT" skipped="0">
  <testcase classname="com.test.multipletests2" name="Test1" time="14.191"/>
  <testcase classname="com.test.multipletests2" name="Test2" time="6.053"/>
</testsuite> <!-- com.test.multipletests2 -->
